INFO:     Will watch for changes in these directories: ['/home/aritz/DAM_RETO0']
INFO:     Uvicorn running on http://127.0.0.1:8016 (Press CTRL+C to quit)
INFO:     Started reloader process [11435] using StatReload
/home/aritz/DAM_RETO0/venv/lib/python3.10/site-packages/pydantic/_internal/_config.py:341: UserWarning: Valid config keys have changed in V2:
* 'orm_mode' has been renamed to 'from_attributes'
  warnings.warn(message, UserWarning)
INFO:     Started server process [11438]
INFO:     Waiting for application startup.
INFO:     Application startup complete.
INFO:     194.30.71.221:0 - "GET /docs HTTP/1.0" 200 OK
INFO:     194.30.71.221:0 - "GET /openapi.json HTTP/1.0" 200 OK
WARNING:  StatReload detected changes in 'main.py'. Reloading...
INFO:     Shutting down
INFO:     Waiting for application shutdown.
INFO:     Application shutdown complete.
INFO:     Finished server process [11438]
/home/aritz/DAM_RETO0/venv/lib/python3.10/site-packages/pydantic/_internal/_config.py:341: UserWarning: Valid config keys have changed in V2:
* 'orm_mode' has been renamed to 'from_attributes'
  warnings.warn(message, UserWarning)
INFO:     Started server process [11788]
INFO:     Waiting for application startup.
INFO:     Application startup complete.
INFO:     Shutting down
INFO:     Waiting for application shutdown.
INFO:     Application shutdown complete.
INFO:     Finished server process [11788]
INFO:     Stopping reloader process [11435]
